<?xml version="1.0" encoding="UTF-8"?>
<!-- Generated by org.testng.reporters.JUnitReportReporter -->
<testsuite hostname="LAPTOP-8S1146N8" failures="0" tests="4" name="testEndPoints.GoRestEndPointTest" time="9.396" errors="0" timestamp="2025-04-24T11:40:01 IST" skipped="0">
  <testcase classname="testEndPoints.GoRestEndPointTest" name="testPostRequest" time="5.718"/>
  <system-out/>
  <testcase classname="testEndPoints.GoRestEndPointTest" name="testGetRequest" time="0.674"/>
  <system-out/>
  <testcase classname="testEndPoints.GoRestEndPointTest" name="testPatchRequest" time="0.992"/>
  <system-out/>
  <testcase classname="testEndPoints.GoRestEndPointTest" name="testDeleteRequest" time="2.012"/>
  <system-out/>
</testsuite> <!-- testEndPoints.GoRestEndPointTest -->
